Release 14.7 - xst P.20131013 (lin64)
Copyright (c) 1995-2013 Xilinx, Inc.  All rights reserved.
--> 
Parameter TMPDIR set to xst/projnav.tmp


Total REAL time to Xst completion: 0.00 secs
Total CPU time to Xst completion: 0.07 secs
 
--> 
Parameter xsthdpdir set to xst


Total REAL time to Xst completion: 0.00 secs
Total CPU time to Xst completion: 0.07 secs
 
--> 
Reading design: controller.prj

TABLE OF CONTENTS
  1) Synthesis Options Summary
  2) HDL Compilation
  3) Design Hierarchy Analysis
  4) HDL Analysis
  5) HDL Synthesis
     5.1) HDL Synthesis Report
  6) Advanced HDL Synthesis
     6.1) Advanced HDL Synthesis Report
  7) Low Level Synthesis
  8) Partition Report
  9) Final Report

=========================================================================
*                      Synthesis Options Summary                        *
=========================================================================
---- Source Parameters
Input File Name                    : "controller.prj"
Input Format                       : mixed
Ignore Synthesis Constraint File   : NO

---- Target Parameters
Output File Name                   : "controller"
Output Format                      : NGC
Target Device                      : XC9500 CPLDs

---- Source Options
Top Module Name                    : controller
Automatic FSM Extraction           : YES
FSM Encoding Algorithm             : Auto
Safe Implementation                : No
Mux Extraction                     : Yes
Resource Sharing                   : YES

---- Target Options
Add IO Buffers                     : YES
MACRO Preserve                     : YES
XOR Preserve                       : YES
Equivalent register Removal        : YES

---- General Options
Optimization Goal                  : Speed
Optimization Effort                : 1
Keep Hierarchy                     : Yes
Netlist Hierarchy                  : As_Optimized
RTL Output                         : Yes
Hierarchy Separator                : /
Bus Delimiter                      : <>
Case Specifier                     : Maintain
Verilog 2001                       : YES

---- Other Options
wysiwyg                            : NO

=========================================================================


=========================================================================
*                          HDL Compilation                              *
=========================================================================
Compiling vhdl file "/home/gage/Documents/ECE3561Proj3/ECE3561Proj3/controller.vhd" in Library work.
Architecture behavioral of Entity controller is up to date.

=========================================================================
*                     Design Hierarchy Analysis                         *
=========================================================================
Analyzing hierarchy for entity <controller> in library <work> (architecture <behavioral>).


=========================================================================
*                            HDL Analysis                               *
=========================================================================
Analyzing Entity <controller> in library <work> (Architecture <behavioral>).
Entity <controller> analyzed. Unit <controller> generated.


=========================================================================
*                           HDL Synthesis                               *
=========================================================================

Performing bidirectional port resolution...

Synthesizing Unit <controller>.
    Related source file is "/home/gage/Documents/ECE3561Proj3/ECE3561Proj3/controller.vhd".
    Found 9-bit register for signal <ACC>.
    Found 1-bit 10-to-1 multiplexer for signal <ACC_0$mux0000> created at line 46.
    Found 1-bit 10-to-1 multiplexer for signal <ACC_1$mux0000> created at line 46.
    Found 1-bit 10-to-1 multiplexer for signal <ACC_2$mux0000> created at line 46.
    Found 1-bit 10-to-1 multiplexer for signal <ACC_3$mux0000> created at line 46.
    Found 1-bit 10-to-1 multiplexer for signal <ACC_4$mux0000> created at line 46.
    Found 1-bit 10-to-1 multiplexer for signal <ACC_5$mux0000> created at line 46.
    Found 1-bit 10-to-1 multiplexer for signal <ACC_6$mux0000> created at line 46.
    Found 1-bit 10-to-1 multiplexer for signal <ACC_7$mux0000> created at line 46.
    Found 5-bit adder for signal <ACC_8_4$add0000> created at line 55.
    Found 4-bit register for signal <State>.
    Found 4-bit adder for signal <State$addsub0000>.
    Found 4-bit 10-to-1 multiplexer for signal <State$mux0000> created at line 46.
    Summary:
	inferred   9 D-type flip-flop(s).
	inferred   2 Adder/Subtractor(s).
Unit <controller> synthesized.

INFO:Xst:1767 - HDL ADVISOR - Resource sharing has identified that some arithmetic operations in this design can share the same physical resources for reduced device utilization. For improved clock frequency you may try to disable resource sharing.

=========================================================================
HDL Synthesis Report

Macro Statistics
# Adders/Subtractors                                   : 2
 4-bit adder                                           : 1
 5-bit adder                                           : 1
# Registers                                            : 10
 1-bit register                                        : 9
 4-bit register                                        : 1
# Multiplexers                                         : 9
 1-bit 10-to-1 multiplexer                             : 8
 4-bit 10-to-1 multiplexer                             : 1

=========================================================================

=========================================================================
*                       Advanced HDL Synthesis                          *
=========================================================================


=========================================================================
Advanced HDL Synthesis Report

Macro Statistics
# Adders/Subtractors                                   : 2
 4-bit adder                                           : 1
 5-bit adder                                           : 1
# Registers                                            : 9
 Flip-Flops                                            : 9
# Multiplexers                                         : 9
 1-bit 10-to-1 multiplexer                             : 8
 4-bit 10-to-1 multiplexer                             : 1

=========================================================================

=========================================================================
*                         Low Level Synthesis                           *
=========================================================================

Optimizing unit <controller> ...
  implementation constraint: INIT=r	 : State_3
  implementation constraint: INIT=r	 : State_0
  implementation constraint: INIT=r	 : State_1
  implementation constraint: INIT=r	 : State_2

=========================================================================
*                           Partition Report                            *
=========================================================================

Partition Implementation Status
-------------------------------

  No Partitions were found in this design.

-------------------------------

=========================================================================
*                            Final Report                               *
=========================================================================
Final Results
RTL Top Level Output File Name     : controller.ngr
Top Level Output File Name         : controller
Output Format                      : NGC
Optimization Goal                  : Speed
Keep Hierarchy                     : Yes
Target Technology                  : XC9500 CPLDs
Macro Preserve                     : YES
XOR Preserve                       : YES
wysiwyg                            : NO

Design Statistics
# IOs                              : 19

Cell Usage :
# BELS                             : 311
#      AND2                        : 87
#      AND3                        : 28
#      AND4                        : 3
#      INV                         : 98
#      OR2                         : 77
#      OR3                         : 6
#      XOR2                        : 12
# FlipFlops/Latches                : 13
#      FD                          : 13
# IO Buffers                       : 19
#      IBUF                        : 10
#      OBUF                        : 9
=========================================================================


Total REAL time to Xst completion: 4.00 secs
Total CPU time to Xst completion: 3.28 secs
 
--> 


Total memory usage is 502860 kilobytes

Number of errors   :    0 (   0 filtered)
Number of warnings :    0 (   0 filtered)
Number of infos    :    1 (   0 filtered)

